app/build/outputs/logs/manifest-merger-debug-report.txt
-- Merging decision tree log ---
manifest
ADDED from src\main\AndroidManifest.xml:2:1-185:12
INJECTED from src\main\AndroidManifest.xml:2:1-185:12
INJECTED from src\main\AndroidManifest.xml:2:1-185:12
INJECTED from src\main\AndroidManifest.xml:2:1-185:12
MERGED from [:uikit] AndroidManifest.xml:2:1-143:12
MERGED from [:Fulive] AndroidManifest.xml:2:1-15:12
MERGED from [com.github.Jay-Goo:RangeSeekBar:v1.0.7] AndroidManifest.xml:2:1-17:12
MERGED from [com.android.support:design:25.3.1] AndroidManifest.xml:17:1-31:12
MERGED from [com.android.support:appcompat-v7:25.3.1] AndroidManifest.xml:17:1-31:12
MERGED from [:zxing-1.8.4:] AndroidManifest.xml:2:1-13:12
MERGED from [:barcodescanner-core-1.8.4:] AndroidManifest.xml:2:1-13:12
MERGED from [com.daimajia.numberprogressbar:library:1.4] AndroidManifest.xml:2:1-11:12
MERGED from [com.android.support:recyclerview-v7:25.3.1] AndroidManifest.xml:17:1-26:12
MERGED from [com.android.support:transition:25.3.1] AndroidManifest.xml:17:1-28:12
MERGED from [com.android.support:support-v4:25.3.1] AndroidManifest.xml:17:1-31:12
MERGED from [com.android.support:support-fragment:25.3.1] AndroidManifest.xml:17:1-31:12
MERGED from [com.android.support:support-core-ui:25.3.1] AndroidManifest.xml:17:1-31:12
MERGED from [com.android.support:support-media-compat:25.3.1] AndroidManifest.xml:17:1-31:12
MERGED from [com.android.support:support-core-utils:25.3.1] AndroidManifest.xml:17:1-31:12
MERGED from [com.android.support:animated-vector-drawable:25.3.1] AndroidManifest.xml:17:1-28:12
MERGED from [com.android.support:support-vector-drawable:25.3.1] AndroidManifest.xml:17:1-28:12
MERGED from [com.android.support:support-compat:25.3.1] AndroidManifest.xml:17:1-31:12
INJECTED from src\main\AndroidManifest.xml:2:1-185:12
INJECTED from src\main\AndroidManifest.xml:2:1-185:12
INJECTED from src\main\AndroidManifest.xml:2:1-185:12
	package
		ADDED from src\main\AndroidManifest.xml:3:5-36
		INJECTED from src\main\AndroidManifest.xml
		INJECTED from src\main\AndroidManifest.xml
	android:versionName
		ADDED from src\main\AndroidManifest.xml:5:5-32
		INJECTED from src\main\AndroidManifest.xml
		INJECTED from src\main\AndroidManifest.xml
	xmlns:android
		ADDED from src\main\AndroidManifest.xml:2:11-69
	android:versionCode
		ADDED from src\main\AndroidManifest.xml:4:5-28
		INJECTED from src\main\AndroidManifest.xml
		INJECTED from src\main\AndroidManifest.xml
uses-permission#android.permission.MOUNT_UNMOUNT_FILESYSTEMS
ADDED from src\main\AndroidManifest.xml:9:5-84
	android:name
		ADDED from src\main\AndroidManifest.xml:9:22-81
uses-permission#android.permission.SYSTEM_ALERT_WINDOW
ADDED from src\main\AndroidManifest.xml:11:5-78
	android:name
		ADDED from src\main\AndroidManifest.xml:11:22-75
uses-permission#android.permission.WRITE_EXTERNAL_STORAGE
ADDED from src\main\AndroidManifest.xml:13:5-81
	android:name
		ADDED from src\main\AndroidManifest.xml:13:22-78
uses-permission#android.permission.READ_EXTERNAL_STORAGE
ADDED from src\main\AndroidManifest.xml:15:5-80
	android:name
		ADDED from src\main\AndroidManifest.xml:15:22-77
uses-permission#android.permission.INTERNET
ADDED from src\main\AndroidManifest.xml:17:5-67
	android:name
		ADDED from src\main\AndroidManifest.xml:17:22-64
uses-permission#android.permission.ACCESS_NETWORK_STATE
ADDED from src\main\AndroidManifest.xml:19:5-79
	android:name
		ADDED from src\main\AndroidManifest.xml:19:22-76
uses-permission#android.permission.RECORD_AUDIO
ADDED from src\main\AndroidManifest.xml:21:5-71
	android:name
		ADDED from src\main\AndroidManifest.xml:21:22-68
uses-permission#android.permission.WAKE_LOCK
ADDED from src\main\AndroidManifest.xml:23:5-68
	android:name
		ADDED from src\main\AndroidManifest.xml:23:22-65
uses-permission#android.permission.ACCESS_WIFI_STATE
ADDED from src\main\AndroidManifest.xml:25:5-76
	android:name
		ADDED from src\main\AndroidManifest.xml:25:22-73
uses-permission#android.permission.CAMERA
ADDED from src\main\AndroidManifest.xml:27:5-65
	android:name
		ADDED from src\main\AndroidManifest.xml:27:22-62
uses-permission#android.permission.FLASHLIGHT
ADDED from src\main\AndroidManifest.xml:29:5-69
	android:name
		ADDED from src\main\AndroidManifest.xml:29:22-66
uses-permission#android.permission.READ_PHONE_STATE
ADDED from src\main\AndroidManifest.xml:31:5-75
	android:name
		ADDED from src\main\AndroidManifest.xml:31:22-72
uses-permission#android.permission.SET_DEBUG_APP
ADDED from src\main\AndroidManifest.xml:33:5-72
	android:name
		ADDED from src\main\AndroidManifest.xml:33:22-69
uses-permission#android.permission.GET_TASKS
ADDED from src\main\AndroidManifest.xml:35:5-68
	android:name
		ADDED from src\main\AndroidManifest.xml:35:22-65
permission#com.netease.vcloud.live.permission.RECEIVE_MSG
ADDED from src\main\AndroidManifest.xml:39:5-41:47
	android:protectionLevel
		ADDED from src\main\AndroidManifest.xml:41:9-44
	android:name
		ADDED from src\main\AndroidManifest.xml:40:9-70
uses-permission#com.netease.vcloud.live.permission.RECEIVE_MSG
ADDED from src\main\AndroidManifest.xml:43:5-86
	android:name
		ADDED from src\main\AndroidManifest.xml:43:22-83
uses-feature#android.hardware.camera
ADDED from src\main\AndroidManifest.xml:47:5-60
	android:name
		ADDED from src\main\AndroidManifest.xml:47:19-57
uses-feature#android.hardware.camera.autofocus
ADDED from src\main\AndroidManifest.xml:48:5-70
	android:name
		ADDED from src\main\AndroidManifest.xml:48:19-67
uses-feature#0x00020000
ADDED from src\main\AndroidManifest.xml:50:5-52:35
	android:glEsVersion
		ADDED from src\main\AndroidManifest.xml:51:9-41
	android:required
		ADDED from src\main\AndroidManifest.xml:52:9-32
application
ADDED from src\main\AndroidManifest.xml:54:5-183:19
MERGED from [:uikit] AndroidManifest.xml:9:5-141:19
MERGED from [:uikit] AndroidManifest.xml:9:5-141:19
MERGED from [:Fulive] AndroidManifest.xml:12:5-13:19
MERGED from [:Fulive] AndroidManifest.xml:12:5-13:19
MERGED from [com.github.Jay-Goo:RangeSeekBar:v1.0.7] AndroidManifest.xml:11:5-15:19
MERGED from [com.github.Jay-Goo:RangeSeekBar:v1.0.7] AndroidManifest.xml:11:5-15:19
MERGED from [com.android.support:design:25.3.1] AndroidManifest.xml:29:5-20
MERGED from [com.android.support:design:25.3.1] AndroidManifest.xml:29:5-20
MERGED from [com.android.support:appcompat-v7:25.3.1] AndroidManifest.xml:29:5-20
MERGED from [com.android.support:appcompat-v7:25.3.1] AndroidManifest.xml:29:5-20
MERGED from [:zxing-1.8.4:] AndroidManifest.xml:11:5-20
MERGED from [:zxing-1.8.4:] AndroidManifest.xml:11:5-20
MERGED from [:barcodescanner-core-1.8.4:] AndroidManifest.xml:11:5-20
MERGED from [:barcodescanner-core-1.8.4:] AndroidManifest.xml:11:5-20
MERGED from [com.android.support:transition:25.3.1] AndroidManifest.xml:26:5-20
MERGED from [com.android.support:transition:25.3.1] AndroidManifest.xml:26:5-20
MERGED from [com.android.support:support-v4:25.3.1] AndroidManifest.xml:29:5-20
MERGED from [com.android.support:support-v4:25.3.1] AndroidManifest.xml:29:5-20
MERGED from [com.android.support:support-fragment:25.3.1] AndroidManifest.xml:29:5-20
MERGED from [com.android.support:support-fragment:25.3.1] AndroidManifest.xml:29:5-20
MERGED from [com.android.support:support-core-ui:25.3.1] AndroidManifest.xml:29:5-20
MERGED from [com.android.support:support-core-ui:25.3.1] AndroidManifest.xml:29:5-20
MERGED from [com.android.support:support-media-compat:25.3.1] AndroidManifest.xml:29:5-20
MERGED from [com.android.support:support-media-compat:25.3.1] AndroidManifest.xml:29:5-20
MERGED from [com.android.support:support-core-utils:25.3.1] AndroidManifest.xml:29:5-20
MERGED from [com.android.support:support-core-utils:25.3.1] AndroidManifest.xml:29:5-20
MERGED from [com.android.support:animated-vector-drawable:25.3.1] AndroidManifest.xml:26:5-20
MERGED from [com.android.support:animated-vector-drawable:25.3.1] AndroidManifest.xml:26:5-20
MERGED from [com.android.support:support-vector-drawable:25.3.1] AndroidManifest.xml:26:5-20
MERGED from [com.android.support:support-vector-drawable:25.3.1] AndroidManifest.xml:26:5-20
MERGED from [com.android.support:support-compat:25.3.1] AndroidManifest.xml:29:5-20
MERGED from [com.android.support:support-compat:25.3.1] AndroidManifest.xml:29:5-20
	android:supportsRtl
		ADDED from src\main\AndroidManifest.xml:60:9-35
	android:label
		ADDED from src\main\AndroidManifest.xml:58:9-41
	android:largeHeap
		ADDED from src\main\AndroidManifest.xml:59:9-33
	android:icon
		ADDED from src\main\AndroidManifest.xml:57:9-45
	android:allowBackup
		ADDED from src\main\AndroidManifest.xml:56:9-35
	android:theme
		ADDED from src\main\AndroidManifest.xml:61:9-40
	android:name
		ADDED from src\main\AndroidManifest.xml:55:9-40
activity#com.netease.demo.live.activity.WelcomeActivity
ADDED from src\main\AndroidManifest.xml:62:9-73:20
	android:screenOrientation
		ADDED from src\main\AndroidManifest.xml:64:13-49
	android:theme
		ADDED from src\main\AndroidManifest.xml:65:13-57
	android:name
		ADDED from src\main\AndroidManifest.xml:63:13-53
intent-filter#android.intent.action.MAIN+android.intent.category.LAUNCHER
ADDED from src\main\AndroidManifest.xml:67:13-71:29
action#android.intent.action.MAIN
ADDED from src\main\AndroidManifest.xml:68:17-69
	android:name
		ADDED from src\main\AndroidManifest.xml:68:25-66
category#android.intent.category.LAUNCHER
ADDED from src\main\AndroidManifest.xml:70:17-77
	android:name
		ADDED from src\main\AndroidManifest.xml:70:27-74
activity#com.netease.demo.live.activity.TestActivity
ADDED from src\main\AndroidManifest.xml:75:9-58
	android:name
		ADDED from src\main\AndroidManifest.xml:75:19-56
activity#com.netease.demo.live.activity.MainActivity
ADDED from src\main\AndroidManifest.xml:78:9-82:79
	android:screenOrientation
		ADDED from src\main\AndroidManifest.xml:80:13-49
	android:windowSoftInputMode
		ADDED from src\main\AndroidManifest.xml:82:13-67
	android:theme
		ADDED from src\main\AndroidManifest.xml:81:13-44
	android:name
		ADDED from src\main\AndroidManifest.xml:79:13-50
activity#com.netease.demo.live.activity.QRCodeScanActivity
ADDED from src\main\AndroidManifest.xml:84:9-86:61
	android:screenOrientation
		ADDED from src\main\AndroidManifest.xml:86:13-49
	android:name
		ADDED from src\main\AndroidManifest.xml:85:13-56
activity#com.netease.demo.live.activity.LiveRoomActivity
ADDED from src\main\AndroidManifest.xml:88:9-92:80
	android:screenOrientation
		ADDED from src\main\AndroidManifest.xml:91:13-49
	android:windowSoftInputMode
		ADDED from src\main\AndroidManifest.xml:92:13-68
	android:configChanges
		ADDED from src\main\AndroidManifest.xml:90:13-74
	android:name
		ADDED from src\main\AndroidManifest.xml:89:13-54
activity#com.netease.demo.live.activity.LoginActivity
ADDED from src\main\AndroidManifest.xml:94:9-97:76
	android:screenOrientation
		ADDED from src\main\AndroidManifest.xml:96:13-49
	android:windowSoftInputMode
		ADDED from src\main\AndroidManifest.xml:97:13-73
	android:name
		ADDED from src\main\AndroidManifest.xml:95:13-51
activity#com.netease.demo.live.activity.EnterAudienceActivity
ADDED from src\main\AndroidManifest.xml:99:9-101:52
	android:screenOrientation
		ADDED from src\main\AndroidManifest.xml:101:13-49
	android:name
		ADDED from src\main\AndroidManifest.xml:100:13-59
activity#com.netease.demo.live.activity.EnterLiveActivity
ADDED from src\main\AndroidManifest.xml:103:9-105:52
	android:screenOrientation
		ADDED from src\main\AndroidManifest.xml:105:13-49
	android:name
		ADDED from src\main\AndroidManifest.xml:104:13-55
activity#com.netease.demo.live.activity.InputActivity
ADDED from src\main\AndroidManifest.xml:107:9-110:75
	android:windowSoftInputMode
		ADDED from src\main\AndroidManifest.xml:110:13-72
	android:theme
		ADDED from src\main\AndroidManifest.xml:109:13-54
	android:name
		ADDED from src\main\AndroidManifest.xml:108:13-51
activity#com.netease.demo.live.activity.VideoGalleryActivity
ADDED from src\main\AndroidManifest.xml:112:9-114:61
	android:screenOrientation
		ADDED from src\main\AndroidManifest.xml:114:13-49
	android:name
		ADDED from src\main\AndroidManifest.xml:113:13-58
activity#com.netease.demo.live.activity.VideoDetailInfoActivity
ADDED from src\main\AndroidManifest.xml:116:9-118:61
	android:screenOrientation
		ADDED from src\main\AndroidManifest.xml:118:13-49
	android:name
		ADDED from src\main\AndroidManifest.xml:117:13-61
activity#com.netease.demo.live.activity.VideoPlayerActivity
ADDED from src\main\AndroidManifest.xml:120:9-125:70
	android:screenOrientation
		ADDED from src\main\AndroidManifest.xml:124:13-49
	android:launchMode
		ADDED from src\main\AndroidManifest.xml:123:13-48
	android:windowSoftInputMode
		ADDED from src\main\AndroidManifest.xml:125:13-67
	android:configChanges
		ADDED from src\main\AndroidManifest.xml:122:13-74
	android:name
		ADDED from src\main\AndroidManifest.xml:121:13-57
activity#com.netease.demo.live.activity.VideoShootActivity
ADDED from src\main\AndroidManifest.xml:127:9-131:78
	android:screenOrientation
		ADDED from src\main\AndroidManifest.xml:129:13-49
	android:windowSoftInputMode
		ADDED from src\main\AndroidManifest.xml:131:13-75
	android:theme
		ADDED from src\main\AndroidManifest.xml:130:13-44
	android:name
		ADDED from src\main\AndroidManifest.xml:128:13-56
activity#com.netease.demo.live.activity.VideoImportActivity
ADDED from src\main\AndroidManifest.xml:133:9-136:78
	android:screenOrientation
		ADDED from src\main\AndroidManifest.xml:135:13-49
	android:windowSoftInputMode
		ADDED from src\main\AndroidManifest.xml:136:13-75
	android:name
		ADDED from src\main\AndroidManifest.xml:134:13-57
activity#com.netease.demo.live.activity.ShortVideoEditActivity
ADDED from src\main\AndroidManifest.xml:138:9-141:60
	android:screenOrientation
		ADDED from src\main\AndroidManifest.xml:140:13-49
	android:windowSoftInputMode
		ADDED from src\main\AndroidManifest.xml:141:13-57
	android:name
		ADDED from src\main\AndroidManifest.xml:139:13-60
service#com.netease.demo.live.upload.controller.UploadService
ADDED from src\main\AndroidManifest.xml:143:9-68
	android:name
		ADDED from src\main\AndroidManifest.xml:143:18-65
meta-data#com.netease.nim.appKey
ADDED from src\main\AndroidManifest.xml:149:9-151:55
	android:value
		ADDED from src\main\AndroidManifest.xml:151:4-52
	android:name
		ADDED from src\main\AndroidManifest.xml:150:13-50
service#com.netease.nimlib.service.NimService
ADDED from src\main\AndroidManifest.xml:158:9-160:39
	android:process
		ADDED from src\main\AndroidManifest.xml:160:13-36
	android:name
		ADDED from src\main\AndroidManifest.xml:159:13-65
service#com.netease.nimlib.service.NimService$Aux
ADDED from src\main\AndroidManifest.xml:162:9-164:39
	android:process
		ADDED from src\main\AndroidManifest.xml:164:13-36
	android:name
		ADDED from src\main\AndroidManifest.xml:163:13-69
receiver#com.netease.nimlib.service.NimReceiver
ADDED from src\main\AndroidManifest.xml:168:9-176:20
	android:process
		ADDED from src\main\AndroidManifest.xml:171:13-36
	android:exported
		ADDED from src\main\AndroidManifest.xml:170:13-37
	android:name
		ADDED from src\main\AndroidManifest.xml:169:13-66
intent-filter#android.intent.action.BOOT_COMPLETED+android.net.conn.CONNECTIVITY_CHANGE
ADDED from src\main\AndroidManifest.xml:172:13-175:29
action#android.intent.action.BOOT_COMPLETED
ADDED from src\main\AndroidManifest.xml:173:17-79
	android:name
		ADDED from src\main\AndroidManifest.xml:173:25-76
action#android.net.conn.CONNECTIVITY_CHANGE
ADDED from src\main\AndroidManifest.xml:174:17-79
	android:name
		ADDED from src\main\AndroidManifest.xml:174:25-76
receiver#com.netease.nimlib.service.ResponseReceiver
ADDED from src\main\AndroidManifest.xml:179:9-80
	android:name
		ADDED from src\main\AndroidManifest.xml:179:19-77
uses-sdk
INJECTED from src\main\AndroidManifest.xml reason: use-sdk injection requested
INJECTED from src\main\AndroidManifest.xml
INJECTED from src\main\AndroidManifest.xml
MERGED from [:uikit] AndroidManifest.xml:5:5-7:41
MERGED from [:uikit] AndroidManifest.xml:5:5-7:41
MERGED from [:Fulive] AndroidManifest.xml:8:5-10:41
MERGED from [:Fulive] AndroidManifest.xml:8:5-10:41
MERGED from [com.github.Jay-Goo:RangeSeekBar:v1.0.7] AndroidManifest.xml:7:5-9:41
MERGED from [com.github.Jay-Goo:RangeSeekBar:v1.0.7] AndroidManifest.xml:7:5-9:41
MERGED from [com.android.support:design:25.3.1] AndroidManifest.xml:21:5-23:62
MERGED from [com.android.support:design:25.3.1] AndroidManifest.xml:21:5-23:62
MERGED from [com.android.support:appcompat-v7:25.3.1] AndroidManifest.xml:21:5-23:78
MERGED from [com.android.support:appcompat-v7:25.3.1] AndroidManifest.xml:21:5-23:78
MERGED from [:zxing-1.8.4:] AndroidManifest.xml:7:5-9:41
MERGED from [:zxing-1.8.4:] AndroidManifest.xml:7:5-9:41
MERGED from [:barcodescanner-core-1.8.4:] AndroidManifest.xml:7:5-9:41
MERGED from [:barcodescanner-core-1.8.4:] AndroidManifest.xml:7:5-9:41
MERGED from [com.daimajia.numberprogressbar:library:1.4] AndroidManifest.xml:7:5-9:41
MERGED from [com.daimajia.numberprogressbar:library:1.4] AndroidManifest.xml:7:5-9:41
MERGED from [com.android.support:recyclerview-v7:25.3.1] AndroidManifest.xml:20:5-43
MERGED from [com.android.support:recyclerview-v7:25.3.1] AndroidManifest.xml:20:5-43
MERGED from [com.android.support:transition:25.3.1] AndroidManifest.xml:20:5-44
MERGED from [com.android.support:transition:25.3.1] AndroidManifest.xml:20:5-44
MERGED from [com.android.support:support-v4:25.3.1] AndroidManifest.xml:21:5-23:54
MERGED from [com.android.support:support-v4:25.3.1] AndroidManifest.xml:21:5-23:54
MERGED from [com.android.support:support-fragment:25.3.1] AndroidManifest.xml:21:5-23:60
MERGED from [com.android.support:support-fragment:25.3.1] AndroidManifest.xml:21:5-23:60
MERGED from [com.android.support:support-core-ui:25.3.1] AndroidManifest.xml:21:5-23:58
MERGED from [com.android.support:support-core-ui:25.3.1] AndroidManifest.xml:21:5-23:58
MERGED from [com.android.support:support-media-compat:25.3.1] AndroidManifest.xml:21:5-23:63
MERGED from [com.android.support:support-media-compat:25.3.1] AndroidManifest.xml:21:5-23:63
MERGED from [com.android.support:support-core-utils:25.3.1] AndroidManifest.xml:21:5-23:61
MERGED from [com.android.support:support-core-utils:25.3.1] AndroidManifest.xml:21:5-23:61
MERGED from [com.android.support:animated-vector-drawable:25.3.1] AndroidManifest.xml:20:5-44
MERGED from [com.android.support:animated-vector-drawable:25.3.1] AndroidManifest.xml:20:5-44
MERGED from [com.android.support:support-vector-drawable:25.3.1] AndroidManifest.xml:20:5-43
MERGED from [com.android.support:support-vector-drawable:25.3.1] AndroidManifest.xml:20:5-43
MERGED from [com.android.support:support-compat:25.3.1] AndroidManifest.xml:21:5-23:58
MERGED from [com.android.support:support-compat:25.3.1] AndroidManifest.xml:21:5-23:58
INJECTED from src\main\AndroidManifest.xml
INJECTED from src\main\AndroidManifest.xml
	tools:overrideLibrary
		ADDED from [com.android.support:design:25.3.1] AndroidManifest.xml:23:9-59
	android:targetSdkVersion
		INJECTED from src\main\AndroidManifest.xml
		ADDED from src\main\AndroidManifest.xml
		INJECTED from src\main\AndroidManifest.xml
	android:minSdkVersion
		INJECTED from src\main\AndroidManifest.xml
		ADDED from src\main\AndroidManifest.xml
		INJECTED from src\main\AndroidManifest.xml
activity#com.netease.nim.uikit.session.activity.P2PMessageActivity
ADDED from [:uikit] AndroidManifest.xml:16:9-21:70
	android:screenOrientation
		ADDED from [:uikit] AndroidManifest.xml:19:13-49
	android:windowSoftInputMode
		ADDED from [:uikit] AndroidManifest.xml:21:13-67
	android:configChanges
		ADDED from [:uikit] AndroidManifest.xml:18:13-63
	android:theme
		ADDED from [:uikit] AndroidManifest.xml:20:13-56
	android:name
		ADDED from [:uikit] AndroidManifest.xml:17:13-85
activity#com.netease.nim.uikit.session.activity.TeamMessageActivity
ADDED from [:uikit] AndroidManifest.xml:22:9-27:70
	android:screenOrientation
		ADDED from [:uikit] AndroidManifest.xml:25:13-49
	android:windowSoftInputMode
		ADDED from [:uikit] AndroidManifest.xml:27:13-67
	android:configChanges
		ADDED from [:uikit] AndroidManifest.xml:24:13-63
	android:theme
		ADDED from [:uikit] AndroidManifest.xml:26:13-56
	android:name
		ADDED from [:uikit] AndroidManifest.xml:23:13-86
activity#com.netease.nim.uikit.team.activity.NormalTeamInfoActivity
ADDED from [:uikit] AndroidManifest.xml:30:9-35:70
	android:screenOrientation
		ADDED from [:uikit] AndroidManifest.xml:33:13-49
	android:windowSoftInputMode
		ADDED from [:uikit] AndroidManifest.xml:35:13-67
	android:configChanges
		ADDED from [:uikit] AndroidManifest.xml:32:13-63
	android:theme
		ADDED from [:uikit] AndroidManifest.xml:34:13-56
	android:name
		ADDED from [:uikit] AndroidManifest.xml:31:13-86
activity#com.netease.nim.uikit.team.activity.AdvancedTeamInfoActivity
ADDED from [:uikit] AndroidManifest.xml:36:9-41:70
	android:screenOrientation
		ADDED from [:uikit] AndroidManifest.xml:39:13-49
	android:windowSoftInputMode
		ADDED from [:uikit] AndroidManifest.xml:41:13-67
	android:configChanges
		ADDED from [:uikit] AndroidManifest.xml:38:13-63
	android:theme
		ADDED from [:uikit] AndroidManifest.xml:40:13-56
	android:name
		ADDED from [:uikit] AndroidManifest.xml:37:13-88
activity#com.netease.nim.uikit.team.activity.AdvancedTeamMemberActivity
ADDED from [:uikit] AndroidManifest.xml:42:9-47:70
	android:screenOrientation
		ADDED from [:uikit] AndroidManifest.xml:45:13-49
	android:windowSoftInputMode
		ADDED from [:uikit] AndroidManifest.xml:47:13-67
	android:configChanges
		ADDED from [:uikit] AndroidManifest.xml:44:13-63
	android:theme
		ADDED from [:uikit] AndroidManifest.xml:46:13-56
	android:name
		ADDED from [:uikit] AndroidManifest.xml:43:13-90
activity#com.netease.nim.uikit.team.activity.AdvancedTeamAnnounceActivity
ADDED from [:uikit] AndroidManifest.xml:48:9-53:70
	android:screenOrientation
		ADDED from [:uikit] AndroidManifest.xml:51:13-49
	android:windowSoftInputMode
		ADDED from [:uikit] AndroidManifest.xml:53:13-67
	android:configChanges
		ADDED from [:uikit] AndroidManifest.xml:50:13-63
	android:theme
		ADDED from [:uikit] AndroidManifest.xml:52:13-56
	android:name
		ADDED from [:uikit] AndroidManifest.xml:49:13-92
activity#com.netease.nim.uikit.team.activity.AdvancedTeamMemberInfoActivity
ADDED from [:uikit] AndroidManifest.xml:54:9-59:70
	android:screenOrientation
		ADDED from [:uikit] AndroidManifest.xml:57:13-49
	android:windowSoftInputMode
		ADDED from [:uikit] AndroidManifest.xml:59:13-67
	android:configChanges
		ADDED from [:uikit] AndroidManifest.xml:56:13-63
	android:theme
		ADDED from [:uikit] AndroidManifest.xml:58:13-56
	android:name
		ADDED from [:uikit] AndroidManifest.xml:55:13-94
activity#com.netease.nim.uikit.team.activity.AdvancedTeamNicknameActivity
ADDED from [:uikit] AndroidManifest.xml:60:9-65:70
	android:screenOrientation
		ADDED from [:uikit] AndroidManifest.xml:63:13-49
	android:windowSoftInputMode
		ADDED from [:uikit] AndroidManifest.xml:65:13-67
	android:configChanges
		ADDED from [:uikit] AndroidManifest.xml:62:13-63
	android:theme
		ADDED from [:uikit] AndroidManifest.xml:64:13-56
	android:name
		ADDED from [:uikit] AndroidManifest.xml:61:13-92
activity#com.netease.nim.uikit.team.activity.AdvancedTeamCreateAnnounceActivity
ADDED from [:uikit] AndroidManifest.xml:66:9-71:70
	android:screenOrientation
		ADDED from [:uikit] AndroidManifest.xml:69:13-49
	android:windowSoftInputMode
		ADDED from [:uikit] AndroidManifest.xml:71:13-67
	android:configChanges
		ADDED from [:uikit] AndroidManifest.xml:68:13-63
	android:theme
		ADDED from [:uikit] AndroidManifest.xml:70:13-56
	android:name
		ADDED from [:uikit] AndroidManifest.xml:67:13-98
activity#com.netease.nim.uikit.team.activity.TeamPropertySettingActivity
ADDED from [:uikit] AndroidManifest.xml:72:9-77:70
	android:screenOrientation
		ADDED from [:uikit] AndroidManifest.xml:75:13-49
	android:windowSoftInputMode
		ADDED from [:uikit] AndroidManifest.xml:77:13-67
	android:configChanges
		ADDED from [:uikit] AndroidManifest.xml:74:13-63
	android:theme
		ADDED from [:uikit] AndroidManifest.xml:76:13-56
	android:name
		ADDED from [:uikit] AndroidManifest.xml:73:13-91
activity#com.netease.nim.uikit.contact_selector.activity.ContactSelectActivity
ADDED from [:uikit] AndroidManifest.xml:80:9-86:67
	android:screenOrientation
		ADDED from [:uikit] AndroidManifest.xml:84:13-49
	android:label
		ADDED from [:uikit] AndroidManifest.xml:83:13-53
	android:windowSoftInputMode
		ADDED from [:uikit] AndroidManifest.xml:86:13-64
	android:configChanges
		ADDED from [:uikit] AndroidManifest.xml:82:13-63
	android:theme
		ADDED from [:uikit] AndroidManifest.xml:85:13-56
	android:name
		ADDED from [:uikit] AndroidManifest.xml:81:13-97
activity#com.netease.nim.uikit.common.media.picker.activity.PickImageActivity
ADDED from [:uikit] AndroidManifest.xml:89:9-92:59
	android:screenOrientation
		ADDED from [:uikit] AndroidManifest.xml:91:13-49
	android:theme
		ADDED from [:uikit] AndroidManifest.xml:92:13-56
	android:name
		ADDED from [:uikit] AndroidManifest.xml:90:13-96
activity#com.netease.nim.uikit.common.media.picker.activity.CropImageActivity
ADDED from [:uikit] AndroidManifest.xml:93:9-96:59
	android:screenOrientation
		ADDED from [:uikit] AndroidManifest.xml:95:13-49
	android:theme
		ADDED from [:uikit] AndroidManifest.xml:96:13-56
	android:name
		ADDED from [:uikit] AndroidManifest.xml:94:13-96
activity#com.netease.nim.uikit.common.media.picker.activity.PickerAlbumActivity
ADDED from [:uikit] AndroidManifest.xml:97:9-100:59
	android:screenOrientation
		ADDED from [:uikit] AndroidManifest.xml:99:13-49
	android:theme
		ADDED from [:uikit] AndroidManifest.xml:100:13-56
	android:name
		ADDED from [:uikit] AndroidManifest.xml:98:13-98
activity#com.netease.nim.uikit.common.media.picker.activity.PickerAlbumPreviewActivity
ADDED from [:uikit] AndroidManifest.xml:101:9-104:59
	android:screenOrientation
		ADDED from [:uikit] AndroidManifest.xml:103:13-49
	android:theme
		ADDED from [:uikit] AndroidManifest.xml:104:13-56
	android:name
		ADDED from [:uikit] AndroidManifest.xml:102:13-105
activity#com.netease.nim.uikit.common.media.picker.activity.PreviewImageFromLocalActivity
ADDED from [:uikit] AndroidManifest.xml:105:9-110:70
	android:screenOrientation
		ADDED from [:uikit] AndroidManifest.xml:108:13-49
	android:windowSoftInputMode
		ADDED from [:uikit] AndroidManifest.xml:110:13-67
	android:configChanges
		ADDED from [:uikit] AndroidManifest.xml:107:13-63
	android:theme
		ADDED from [:uikit] AndroidManifest.xml:109:13-56
	android:name
		ADDED from [:uikit] AndroidManifest.xml:106:13-108
activity#com.netease.nim.uikit.common.media.picker.activity.PreviewImageFromCameraActivity
ADDED from [:uikit] AndroidManifest.xml:111:9-117:70
	android:screenOrientation
		ADDED from [:uikit] AndroidManifest.xml:115:13-49
	android:label
		ADDED from [:uikit] AndroidManifest.xml:114:13-53
	android:windowSoftInputMode
		ADDED from [:uikit] AndroidManifest.xml:117:13-67
	android:configChanges
		ADDED from [:uikit] AndroidManifest.xml:113:13-63
	android:theme
		ADDED from [:uikit] AndroidManifest.xml:116:13-56
	android:name
		ADDED from [:uikit] AndroidManifest.xml:112:13-109
activity#com.netease.nim.uikit.session.activity.CaptureVideoActivity
ADDED from [:uikit] AndroidManifest.xml:120:9-125:70
	android:screenOrientation
		ADDED from [:uikit] AndroidManifest.xml:123:13-49
	android:windowSoftInputMode
		ADDED from [:uikit] AndroidManifest.xml:125:13-67
	android:configChanges
		ADDED from [:uikit] AndroidManifest.xml:122:13-63
	android:theme
		ADDED from [:uikit] AndroidManifest.xml:124:13-56
	android:name
		ADDED from [:uikit] AndroidManifest.xml:121:13-87
activity#com.netease.nim.uikit.session.activity.WatchVideoActivity
ADDED from [:uikit] AndroidManifest.xml:126:9-130:48
	android:label
		ADDED from [:uikit] AndroidManifest.xml:129:13-47
	android:configChanges
		ADDED from [:uikit] AndroidManifest.xml:128:13-74
	android:theme
		ADDED from [:uikit] AndroidManifest.xml:130:13-45
	android:name
		ADDED from [:uikit] AndroidManifest.xml:127:13-85
activity#com.netease.nim.uikit.session.activity.WatchMessagePictureActivity
ADDED from [:uikit] AndroidManifest.xml:133:9-136:59
	android:configChanges
		ADDED from [:uikit] AndroidManifest.xml:135:13-51
	android:theme
		ADDED from [:uikit] AndroidManifest.xml:136:13-56
	android:name
		ADDED from [:uikit] AndroidManifest.xml:134:13-94
activity#com.netease.nim.uikit.team.activity.TeamMemberListActivity
ADDED from [:uikit] AndroidManifest.xml:137:9-140:59
	android:screenOrientation
		ADDED from [:uikit] AndroidManifest.xml:139:13-49
	android:theme
		ADDED from [:uikit] AndroidManifest.xml:140:13-56
	android:name
		ADDED from [:uikit] AndroidManifest.xml:138:13-86
meta-data#android.support.VERSION
ADDED from [com.android.support:design:25.3.1] AndroidManifest.xml:25:5-27:34
MERGED from [com.android.support:appcompat-v7:25.3.1] AndroidManifest.xml:25:5-27:34
MERGED from [com.android.support:appcompat-v7:25.3.1] AndroidManifest.xml:25:5-27:34
MERGED from [com.android.support:recyclerview-v7:25.3.1] AndroidManifest.xml:22:5-24:34
MERGED from [com.android.support:recyclerview-v7:25.3.1] AndroidManifest.xml:22:5-24:34
MERGED from [com.android.support:transition:25.3.1] AndroidManifest.xml:22:5-24:34
MERGED from [com.android.support:transition:25.3.1] AndroidManifest.xml:22:5-24:34
MERGED from [com.android.support:support-v4:25.3.1] AndroidManifest.xml:25:5-27:34
MERGED from [com.android.support:support-v4:25.3.1] AndroidManifest.xml:25:5-27:34
MERGED from [com.android.support:support-fragment:25.3.1] AndroidManifest.xml:25:5-27:34
MERGED from [com.android.support:support-fragment:25.3.1] AndroidManifest.xml:25:5-27:34
MERGED from [com.android.support:support-core-ui:25.3.1] AndroidManifest.xml:25:5-27:34
MERGED from [com.android.support:support-core-ui:25.3.1] AndroidManifest.xml:25:5-27:34
MERGED from [com.android.support:support-media-compat:25.3.1] AndroidManifest.xml:25:5-27:34